0 info it worked if it ends with ok
1 verbose cli [ '/opt/bitnami/nodejs/bin/.node.bin',
1 verbose cli   '/opt/bitnami/nodejs/bin/npm',
1 verbose cli   'docs' ]
2 info using npm@3.10.10
3 info using node@v6.11.3
4 silly docs [ '.' ]
5 silly getDoc .
6 silly fetchPackageMetaData .
7 silly fetchDirectoryPackageData .
8 verbose stack Error: spawn xdg-open ENOENT
8 verbose stack     at exports._errnoException (util.js:1020:11)
8 verbose stack     at Process.ChildProcess._handle.onexit (internal/child_process.js:197:32)
8 verbose stack     at onErrorNT (internal/child_process.js:376:16)
8 verbose stack     at _combinedTickCallback (internal/process/next_tick.js:80:11)
8 verbose stack     at process._tickCallback (internal/process/next_tick.js:104:9)
9 verbose cwd /home/bitnami/nodeProjects/messenger
10 error Linux 3.13.0-129-generic
11 error argv "/opt/bitnami/nodejs/bin/.node.bin" "/opt/bitnami/nodejs/bin/npm" "docs"
12 error node v6.11.3
13 error npm  v3.10.10
14 error path xdg-open
15 error code ENOENT
16 error errno ENOENT
17 error syscall spawn xdg-open
18 error enoent spawn xdg-open ENOENT
19 error enoent spawn xdg-open ENOENT
19 error enoent This is most likely not a problem with npm itself
19 error enoent and is related to npm not being able to find a file.
20 verbose exit [ 1, true ]
